2018-07-18 15:50:44 - PHP Notice:  Undefined variable: categories in C:\xampp_vhost\omeliya.like-it.solutions\web\catalog\view\theme\default\template\common\footer.tpl on line 41
2018-07-18 15:50:44 - PHP Warning:  Invalid argument supplied for foreach() in C:\xampp_vhost\omeliya.like-it.solutions\web\catalog\view\theme\default\template\common\footer.tpl on line 41
2018-07-18 15:50:44 - PHP Notice:  Undefined variable: categories in C:\xampp_vhost\omeliya.like-it.solutions\web\catalog\view\theme\default\template\common\footer.tpl on line 50
2018-07-18 15:50:44 - PHP Warning:  Invalid argument supplied for foreach() in C:\xampp_vhost\omeliya.like-it.solutions\web\catalog\view\theme\default\template\common\footer.tpl on line 50
2018-07-18 15:52:29 - PHP Notice:  Undefined variable: categories in C:\xampp_vhost\omeliya.like-it.solutions\web\catalog\view\theme\default\template\common\footer.tpl on line 41
2018-07-18 15:52:29 - PHP Warning:  Invalid argument supplied for foreach() in C:\xampp_vhost\omeliya.like-it.solutions\web\catalog\view\theme\default\template\common\footer.tpl on line 41
2018-07-18 15:52:29 - PHP Notice:  Undefined variable: categories in C:\xampp_vhost\omeliya.like-it.solutions\web\catalog\view\theme\default\template\common\footer.tpl on line 50
2018-07-18 15:52:29 - PHP Warning:  Invalid argument supplied for foreach() in C:\xampp_vhost\omeliya.like-it.solutions\web\catalog\view\theme\default\template\common\footer.tpl on line 50
2018-07-18 15:54:06 - PHP Notice:  Undefined variable: logo in C:\xampp_vhost\omeliya.like-it.solutions\web\catalog\view\theme\default\template\common\footer.tpl on line 23
2018-07-18 15:54:06 - PHP Notice:  Undefined variable: name in C:\xampp_vhost\omeliya.like-it.solutions\web\catalog\view\theme\default\template\common\footer.tpl on line 23
2018-07-18 15:54:06 - PHP Notice:  Undefined variable: name in C:\xampp_vhost\omeliya.like-it.solutions\web\catalog\view\theme\default\template\common\footer.tpl on line 23
2018-07-18 15:54:06 - PHP Notice:  Undefined variable: categories in C:\xampp_vhost\omeliya.like-it.solutions\web\catalog\view\theme\default\template\common\footer.tpl on line 42
2018-07-18 15:54:06 - PHP Warning:  Invalid argument supplied for foreach() in C:\xampp_vhost\omeliya.like-it.solutions\web\catalog\view\theme\default\template\common\footer.tpl on line 42
2018-07-18 15:54:06 - PHP Notice:  Undefined variable: categories in C:\xampp_vhost\omeliya.like-it.solutions\web\catalog\view\theme\default\template\common\footer.tpl on line 51
2018-07-18 15:54:06 - PHP Warning:  Invalid argument supplied for foreach() in C:\xampp_vhost\omeliya.like-it.solutions\web\catalog\view\theme\default\template\common\footer.tpl on line 51
2018-07-26 17:47:42 - PHP Notice:  A non well formed numeric value encountered in C:\xampp_vhost\omeliya.like-it.solutions\web\system\library\image.php on line 84
2018-07-26 17:47:43 - PHP Notice:  A non well formed numeric value encountered in C:\xampp_vhost\omeliya.like-it.solutions\web\system\library\image.php on line 101
2018-07-26 17:47:43 - PHP Notice:  A non well formed numeric value encountered in C:\xampp_vhost\omeliya.like-it.solutions\web\system\library\image.php on line 105
2018-07-26 17:47:43 - PHP Notice:  A non well formed numeric value encountered in C:\xampp_vhost\omeliya.like-it.solutions\web\system\library\image.php on line 116
2018-07-26 17:47:43 - PHP Notice:  A non well formed numeric value encountered in C:\xampp_vhost\omeliya.like-it.solutions\web\system\library\image.php on line 84
2018-07-26 17:47:43 - PHP Notice:  A non well formed numeric value encountered in C:\xampp_vhost\omeliya.like-it.solutions\web\system\library\image.php on line 101
2018-07-26 17:47:43 - PHP Notice:  A non well formed numeric value encountered in C:\xampp_vhost\omeliya.like-it.solutions\web\system\library\image.php on line 105
2018-07-26 17:47:43 - PHP Notice:  A non well formed numeric value encountered in C:\xampp_vhost\omeliya.like-it.solutions\web\system\library\image.php on line 116
2018-07-26 17:47:43 - PHP Notice:  A non well formed numeric value encountered in C:\xampp_vhost\omeliya.like-it.solutions\web\system\library\image.php on line 84
2018-07-26 17:47:43 - PHP Notice:  A non well formed numeric value encountered in C:\xampp_vhost\omeliya.like-it.solutions\web\system\library\image.php on line 101
2018-07-26 17:47:43 - PHP Notice:  A non well formed numeric value encountered in C:\xampp_vhost\omeliya.like-it.solutions\web\system\library\image.php on line 105
2018-07-26 17:47:43 - PHP Notice:  A non well formed numeric value encountered in C:\xampp_vhost\omeliya.like-it.solutions\web\system\library\image.php on line 116
2018-07-26 17:47:43 - PHP Notice:  A non well formed numeric value encountered in C:\xampp_vhost\omeliya.like-it.solutions\web\system\library\image.php on line 84
2018-07-26 17:47:43 - PHP Notice:  A non well formed numeric value encountered in C:\xampp_vhost\omeliya.like-it.solutions\web\system\library\image.php on line 101
2018-07-26 17:47:43 - PHP Notice:  A non well formed numeric value encountered in C:\xampp_vhost\omeliya.like-it.solutions\web\system\library\image.php on line 105
2018-07-26 17:47:43 - PHP Notice:  A non well formed numeric value encountered in C:\xampp_vhost\omeliya.like-it.solutions\web\system\library\image.php on line 116
2018-07-26 17:47:43 - PHP Notice:  A non well formed numeric value encountered in C:\xampp_vhost\omeliya.like-it.solutions\web\system\library\image.php on line 84
2018-07-26 17:47:43 - PHP Notice:  A non well formed numeric value encountered in C:\xampp_vhost\omeliya.like-it.solutions\web\system\library\image.php on line 101
2018-07-26 17:47:43 - PHP Notice:  A non well formed numeric value encountered in C:\xampp_vhost\omeliya.like-it.solutions\web\system\library\image.php on line 105
2018-07-26 17:47:43 - PHP Notice:  A non well formed numeric value encountered in C:\xampp_vhost\omeliya.like-it.solutions\web\system\library\image.php on line 116
2018-07-26 17:47:43 - PHP Notice:  A non well formed numeric value encountered in C:\xampp_vhost\omeliya.like-it.solutions\web\system\library\image.php on line 84
2018-07-26 17:47:43 - PHP Notice:  A non well formed numeric value encountered in C:\xampp_vhost\omeliya.like-it.solutions\web\system\library\image.php on line 101
2018-07-26 17:47:43 - PHP Notice:  A non well formed numeric value encountered in C:\xampp_vhost\omeliya.like-it.solutions\web\system\library\image.php on line 105
2018-07-26 17:47:43 - PHP Notice:  A non well formed numeric value encountered in C:\xampp_vhost\omeliya.like-it.solutions\web\system\library\image.php on line 116
2018-07-26 17:47:43 - PHP Notice:  A non well formed numeric value encountered in C:\xampp_vhost\omeliya.like-it.solutions\web\system\library\image.php on line 84
2018-07-26 17:47:43 - PHP Notice:  A non well formed numeric value encountered in C:\xampp_vhost\omeliya.like-it.solutions\web\system\library\image.php on line 101
2018-07-26 17:47:43 - PHP Notice:  A non well formed numeric value encountered in C:\xampp_vhost\omeliya.like-it.solutions\web\system\library\image.php on line 105
2018-07-26 17:47:43 - PHP Notice:  A non well formed numeric value encountered in C:\xampp_vhost\omeliya.like-it.solutions\web\system\library\image.php on line 116
2018-07-26 17:47:44 - PHP Warning:  Illegal string offset 'value' in C:\xampp_vhost\omeliya.like-it.solutions\web\catalog\view\theme\default\template\product\category.tpl on line 207
2018-07-26 17:47:44 - PHP Warning:  Illegal string offset 'href' in C:\xampp_vhost\omeliya.like-it.solutions\web\catalog\view\theme\default\template\product\category.tpl on line 210
2018-07-26 17:47:44 - PHP Warning:  Illegal string offset 'text' in C:\xampp_vhost\omeliya.like-it.solutions\web\catalog\view\theme\default\template\product\category.tpl on line 210
2018-07-26 17:47:44 - PHP Warning:  Illegal string offset 'value' in C:\xampp_vhost\omeliya.like-it.solutions\web\catalog\view\theme\default\template\product\category.tpl on line 207
2018-07-26 17:47:44 - PHP Warning:  Illegal string offset 'href' in C:\xampp_vhost\omeliya.like-it.solutions\web\catalog\view\theme\default\template\product\category.tpl on line 210
2018-07-26 17:47:44 - PHP Warning:  Illegal string offset 'text' in C:\xampp_vhost\omeliya.like-it.solutions\web\catalog\view\theme\default\template\product\category.tpl on line 210
2018-07-26 17:47:44 - PHP Warning:  Illegal string offset 'value' in C:\xampp_vhost\omeliya.like-it.solutions\web\catalog\view\theme\default\template\product\category.tpl on line 207
2018-07-26 17:47:44 - PHP Warning:  Illegal string offset 'href' in C:\xampp_vhost\omeliya.like-it.solutions\web\catalog\view\theme\default\template\product\category.tpl on line 210
2018-07-26 17:47:44 - PHP Warning:  Illegal string offset 'text' in C:\xampp_vhost\omeliya.like-it.solutions\web\catalog\view\theme\default\template\product\category.tpl on line 210
2018-07-26 17:47:44 - PHP Notice:  A non well formed numeric value encountered in C:\xampp_vhost\omeliya.like-it.solutions\web\system\library\image.php on line 84
2018-07-26 17:47:44 - PHP Notice:  A non well formed numeric value encountered in C:\xampp_vhost\omeliya.like-it.solutions\web\system\library\image.php on line 101
2018-07-26 17:47:44 - PHP Notice:  A non well formed numeric value encountered in C:\xampp_vhost\omeliya.like-it.solutions\web\system\library\image.php on line 105
2018-07-26 17:47:44 - PHP Notice:  A non well formed numeric value encountered in C:\xampp_vhost\omeliya.like-it.solutions\web\system\library\image.php on line 116
2018-07-26 17:47:44 - PHP Notice:  A non well formed numeric value encountered in C:\xampp_vhost\omeliya.like-it.solutions\web\system\library\image.php on line 84
2018-07-26 17:47:44 - PHP Notice:  A non well formed numeric value encountered in C:\xampp_vhost\omeliya.like-it.solutions\web\system\library\image.php on line 101
2018-07-26 17:47:44 - PHP Notice:  A non well formed numeric value encountered in C:\xampp_vhost\omeliya.like-it.solutions\web\system\library\image.php on line 105
2018-07-26 17:47:44 - PHP Notice:  A non well formed numeric value encountered in C:\xampp_vhost\omeliya.like-it.solutions\web\system\library\image.php on line 116
2018-07-26 17:47:44 - PHP Notice:  A non well formed numeric value encountered in C:\xampp_vhost\omeliya.like-it.solutions\web\system\library\image.php on line 84
2018-07-26 17:47:44 - PHP Notice:  A non well formed numeric value encountered in C:\xampp_vhost\omeliya.like-it.solutions\web\system\library\image.php on line 101
2018-07-26 17:47:44 - PHP Notice:  A non well formed numeric value encountered in C:\xampp_vhost\omeliya.like-it.solutions\web\system\library\image.php on line 105
2018-07-26 17:47:44 - PHP Notice:  A non well formed numeric value encountered in C:\xampp_vhost\omeliya.like-it.solutions\web\system\library\image.php on line 116
2018-07-26 17:47:44 - PHP Notice:  A non well formed numeric value encountered in C:\xampp_vhost\omeliya.like-it.solutions\web\system\library\image.php on line 84
2018-07-26 17:47:44 - PHP Notice:  A non well formed numeric value encountered in C:\xampp_vhost\omeliya.like-it.solutions\web\system\library\image.php on line 101
2018-07-26 17:47:44 - PHP Notice:  A non well formed numeric value encountered in C:\xampp_vhost\omeliya.like-it.solutions\web\system\library\image.php on line 105
2018-07-26 17:47:44 - PHP Notice:  A non well formed numeric value encountered in C:\xampp_vhost\omeliya.like-it.solutions\web\system\library\image.php on line 116
2018-07-26 17:47:44 - PHP Notice:  A non well formed numeric value encountered in C:\xampp_vhost\omeliya.like-it.solutions\web\system\library\image.php on line 84
2018-07-26 17:47:44 - PHP Notice:  A non well formed numeric value encountered in C:\xampp_vhost\omeliya.like-it.solutions\web\system\library\image.php on line 101
2018-07-26 17:47:44 - PHP Notice:  A non well formed numeric value encountered in C:\xampp_vhost\omeliya.like-it.solutions\web\system\library\image.php on line 105
2018-07-26 17:47:44 - PHP Notice:  A non well formed numeric value encountered in C:\xampp_vhost\omeliya.like-it.solutions\web\system\library\image.php on line 116
2018-07-26 17:47:44 - PHP Notice:  A non well formed numeric value encountered in C:\xampp_vhost\omeliya.like-it.solutions\web\system\library\image.php on line 84
2018-07-26 17:47:44 - PHP Notice:  A non well formed numeric value encountered in C:\xampp_vhost\omeliya.like-it.solutions\web\system\library\image.php on line 101
2018-07-26 17:47:44 - PHP Notice:  A non well formed numeric value encountered in C:\xampp_vhost\omeliya.like-it.solutions\web\system\library\image.php on line 105
2018-07-26 17:47:44 - PHP Notice:  A non well formed numeric value encountered in C:\xampp_vhost\omeliya.like-it.solutions\web\system\library\image.php on line 116
2018-07-26 17:47:44 - PHP Notice:  A non well formed numeric value encountered in C:\xampp_vhost\omeliya.like-it.solutions\web\system\library\image.php on line 84
2018-07-26 17:47:44 - PHP Notice:  A non well formed numeric value encountered in C:\xampp_vhost\omeliya.like-it.solutions\web\system\library\image.php on line 101
2018-07-26 17:47:44 - PHP Notice:  A non well formed numeric value encountered in C:\xampp_vhost\omeliya.like-it.solutions\web\system\library\image.php on line 105
2018-07-26 17:47:44 - PHP Notice:  A non well formed numeric value encountered in C:\xampp_vhost\omeliya.like-it.solutions\web\system\library\image.php on line 116
2018-07-26 17:47:45 - PHP Warning:  Illegal string offset 'value' in C:\xampp_vhost\omeliya.like-it.solutions\web\catalog\view\theme\default\template\product\category.tpl on line 207
2018-07-26 17:47:45 - PHP Warning:  Illegal string offset 'href' in C:\xampp_vhost\omeliya.like-it.solutions\web\catalog\view\theme\default\template\product\category.tpl on line 210
2018-07-26 17:47:45 - PHP Warning:  Illegal string offset 'text' in C:\xampp_vhost\omeliya.like-it.solutions\web\catalog\view\theme\default\template\product\category.tpl on line 210
2018-07-26 17:47:45 - PHP Warning:  Illegal string offset 'value' in C:\xampp_vhost\omeliya.like-it.solutions\web\catalog\view\theme\default\template\product\category.tpl on line 207
2018-07-26 17:47:45 - PHP Warning:  Illegal string offset 'href' in C:\xampp_vhost\omeliya.like-it.solutions\web\catalog\view\theme\default\template\product\category.tpl on line 210
2018-07-26 17:47:45 - PHP Warning:  Illegal string offset 'text' in C:\xampp_vhost\omeliya.like-it.solutions\web\catalog\view\theme\default\template\product\category.tpl on line 210
2018-07-26 17:47:45 - PHP Warning:  Illegal string offset 'value' in C:\xampp_vhost\omeliya.like-it.solutions\web\catalog\view\theme\default\template\product\category.tpl on line 207
2018-07-26 17:47:45 - PHP Warning:  Illegal string offset 'href' in C:\xampp_vhost\omeliya.like-it.solutions\web\catalog\view\theme\default\template\product\category.tpl on line 210
2018-07-26 17:47:45 - PHP Warning:  Illegal string offset 'text' in C:\xampp_vhost\omeliya.like-it.solutions\web\catalog\view\theme\default\template\product\category.tpl on line 210
2018-07-26 17:47:56 - PHP Notice:  A non well formed numeric value encountered in C:\xampp_vhost\omeliya.like-it.solutions\web\system\library\image.php on line 84
2018-07-26 17:47:56 - PHP Notice:  A non well formed numeric value encountered in C:\xampp_vhost\omeliya.like-it.solutions\web\system\library\image.php on line 101
2018-07-26 17:47:56 - PHP Notice:  A non well formed numeric value encountered in C:\xampp_vhost\omeliya.like-it.solutions\web\system\library\image.php on line 105
2018-07-26 17:47:56 - PHP Notice:  A non well formed numeric value encountered in C:\xampp_vhost\omeliya.like-it.solutions\web\system\library\image.php on line 116
2018-07-26 17:47:56 - PHP Notice:  A non well formed numeric value encountered in C:\xampp_vhost\omeliya.like-it.solutions\web\system\library\image.php on line 84
2018-07-26 17:47:56 - PHP Notice:  A non well formed numeric value encountered in C:\xampp_vhost\omeliya.like-it.solutions\web\system\library\image.php on line 101
2018-07-26 17:47:56 - PHP Notice:  A non well formed numeric value encountered in C:\xampp_vhost\omeliya.like-it.solutions\web\system\library\image.php on line 105
2018-07-26 17:47:56 - PHP Notice:  A non well formed numeric value encountered in C:\xampp_vhost\omeliya.like-it.solutions\web\system\library\image.php on line 116
2018-07-26 17:47:56 - PHP Notice:  A non well formed numeric value encountered in C:\xampp_vhost\omeliya.like-it.solutions\web\system\library\image.php on line 84
2018-07-26 17:47:56 - PHP Notice:  A non well formed numeric value encountered in C:\xampp_vhost\omeliya.like-it.solutions\web\system\library\image.php on line 101
2018-07-26 17:47:56 - PHP Notice:  A non well formed numeric value encountered in C:\xampp_vhost\omeliya.like-it.solutions\web\system\library\image.php on line 105
2018-07-26 17:47:56 - PHP Notice:  A non well formed numeric value encountered in C:\xampp_vhost\omeliya.like-it.solutions\web\system\library\image.php on line 116
2018-07-26 17:47:56 - PHP Notice:  A non well formed numeric value encountered in C:\xampp_vhost\omeliya.like-it.solutions\web\system\library\image.php on line 84
2018-07-26 17:47:56 - PHP Notice:  A non well formed numeric value encountered in C:\xampp_vhost\omeliya.like-it.solutions\web\system\library\image.php on line 101
2018-07-26 17:47:56 - PHP Notice:  A non well formed numeric value encountered in C:\xampp_vhost\omeliya.like-it.solutions\web\system\library\image.php on line 105
2018-07-26 17:47:56 - PHP Notice:  A non well formed numeric value encountered in C:\xampp_vhost\omeliya.like-it.solutions\web\system\library\image.php on line 116
2018-07-26 17:47:56 - PHP Notice:  A non well formed numeric value encountered in C:\xampp_vhost\omeliya.like-it.solutions\web\system\library\image.php on line 84
2018-07-26 17:47:56 - PHP Notice:  A non well formed numeric value encountered in C:\xampp_vhost\omeliya.like-it.solutions\web\system\library\image.php on line 101
2018-07-26 17:47:56 - PHP Notice:  A non well formed numeric value encountered in C:\xampp_vhost\omeliya.like-it.solutions\web\system\library\image.php on line 105
2018-07-26 17:47:56 - PHP Notice:  A non well formed numeric value encountered in C:\xampp_vhost\omeliya.like-it.solutions\web\system\library\image.php on line 116
2018-07-26 17:47:56 - PHP Notice:  A non well formed numeric value encountered in C:\xampp_vhost\omeliya.like-it.solutions\web\system\library\image.php on line 84
2018-07-26 17:47:56 - PHP Notice:  A non well formed numeric value encountered in C:\xampp_vhost\omeliya.like-it.solutions\web\system\library\image.php on line 101
2018-07-26 17:47:56 - PHP Notice:  A non well formed numeric value encountered in C:\xampp_vhost\omeliya.like-it.solutions\web\system\library\image.php on line 105
2018-07-26 17:47:56 - PHP Notice:  A non well formed numeric value encountered in C:\xampp_vhost\omeliya.like-it.solutions\web\system\library\image.php on line 116
2018-07-26 17:47:56 - PHP Notice:  A non well formed numeric value encountered in C:\xampp_vhost\omeliya.like-it.solutions\web\system\library\image.php on line 84
2018-07-26 17:47:56 - PHP Notice:  A non well formed numeric value encountered in C:\xampp_vhost\omeliya.like-it.solutions\web\system\library\image.php on line 101
2018-07-26 17:47:56 - PHP Notice:  A non well formed numeric value encountered in C:\xampp_vhost\omeliya.like-it.solutions\web\system\library\image.php on line 105
2018-07-26 17:47:56 - PHP Notice:  A non well formed numeric value encountered in C:\xampp_vhost\omeliya.like-it.solutions\web\system\library\image.php on line 116
2018-07-26 17:47:56 - PHP Warning:  Illegal string offset 'value' in C:\xampp_vhost\omeliya.like-it.solutions\web\catalog\view\theme\default\template\product\category.tpl on line 207
2018-07-26 17:47:56 - PHP Warning:  Illegal string offset 'href' in C:\xampp_vhost\omeliya.like-it.solutions\web\catalog\view\theme\default\template\product\category.tpl on line 210
2018-07-26 17:47:56 - PHP Warning:  Illegal string offset 'text' in C:\xampp_vhost\omeliya.like-it.solutions\web\catalog\view\theme\default\template\product\category.tpl on line 210
2018-07-26 17:47:56 - PHP Warning:  Illegal string offset 'value' in C:\xampp_vhost\omeliya.like-it.solutions\web\catalog\view\theme\default\template\product\category.tpl on line 207
2018-07-26 17:47:56 - PHP Warning:  Illegal string offset 'href' in C:\xampp_vhost\omeliya.like-it.solutions\web\catalog\view\theme\default\template\product\category.tpl on line 210
2018-07-26 17:47:56 - PHP Warning:  Illegal string offset 'text' in C:\xampp_vhost\omeliya.like-it.solutions\web\catalog\view\theme\default\template\product\category.tpl on line 210
2018-07-26 17:47:56 - PHP Warning:  Illegal string offset 'value' in C:\xampp_vhost\omeliya.like-it.solutions\web\catalog\view\theme\default\template\product\category.tpl on line 207
2018-07-26 17:47:56 - PHP Warning:  Illegal string offset 'href' in C:\xampp_vhost\omeliya.like-it.solutions\web\catalog\view\theme\default\template\product\category.tpl on line 210
2018-07-26 17:47:56 - PHP Warning:  Illegal string offset 'text' in C:\xampp_vhost\omeliya.like-it.solutions\web\catalog\view\theme\default\template\product\category.tpl on line 210
2018-07-26 17:48:13 - PHP Notice:  Undefined variable: product_______ in C:\xampp_vhost\omeliya.like-it.solutions\web\catalog\view\theme\default\template\product\fastorder.tpl on line 17
2018-07-26 17:48:13 - PHP Notice:  Undefined variable: product_______ in C:\xampp_vhost\omeliya.like-it.solutions\web\catalog\view\theme\default\template\product\fastorder.tpl on line 18
2018-07-26 17:48:13 - PHP Notice:  Undefined variable: product_______ in C:\xampp_vhost\omeliya.like-it.solutions\web\catalog\view\theme\default\template\product\fastorder.tpl on line 19
2018-07-26 17:48:13 - PHP Notice:  Undefined variable: product_______ in C:\xampp_vhost\omeliya.like-it.solutions\web\catalog\view\theme\default\template\product\fastorder.tpl on line 20
2018-07-26 17:48:13 - PHP Notice:  A non well formed numeric value encountered in C:\xampp_vhost\omeliya.like-it.solutions\web\system\library\image.php on line 84
2018-07-26 17:48:13 - PHP Notice:  A non well formed numeric value encountered in C:\xampp_vhost\omeliya.like-it.solutions\web\system\library\image.php on line 101
2018-07-26 17:48:13 - PHP Notice:  A non well formed numeric value encountered in C:\xampp_vhost\omeliya.like-it.solutions\web\system\library\image.php on line 105
2018-07-26 17:48:13 - PHP Notice:  A non well formed numeric value encountered in C:\xampp_vhost\omeliya.like-it.solutions\web\system\library\image.php on line 116
2018-07-26 17:48:13 - PHP Notice:  A non well formed numeric value encountered in C:\xampp_vhost\omeliya.like-it.solutions\web\system\library\image.php on line 84
2018-07-26 17:48:13 - PHP Notice:  A non well formed numeric value encountered in C:\xampp_vhost\omeliya.like-it.solutions\web\system\library\image.php on line 101
2018-07-26 17:48:13 - PHP Notice:  A non well formed numeric value encountered in C:\xampp_vhost\omeliya.like-it.solutions\web\system\library\image.php on line 105
2018-07-26 17:48:13 - PHP Notice:  A non well formed numeric value encountered in C:\xampp_vhost\omeliya.like-it.solutions\web\system\library\image.php on line 116
2018-07-26 17:48:13 - PHP Notice:  A non well formed numeric value encountered in C:\xampp_vhost\omeliya.like-it.solutions\web\system\library\image.php on line 84
2018-07-26 17:48:13 - PHP Notice:  A non well formed numeric value encountered in C:\xampp_vhost\omeliya.like-it.solutions\web\system\library\image.php on line 101
2018-07-26 17:48:13 - PHP Notice:  A non well formed numeric value encountered in C:\xampp_vhost\omeliya.like-it.solutions\web\system\library\image.php on line 105
2018-07-26 17:48:13 - PHP Notice:  A non well formed numeric value encountered in C:\xampp_vhost\omeliya.like-it.solutions\web\system\library\image.php on line 116
2018-07-26 17:48:13 - PHP Notice:  A non well formed numeric value encountered in C:\xampp_vhost\omeliya.like-it.solutions\web\system\library\image.php on line 84
2018-07-26 17:48:13 - PHP Notice:  A non well formed numeric value encountered in C:\xampp_vhost\omeliya.like-it.solutions\web\system\library\image.php on line 101
2018-07-26 17:48:13 - PHP Notice:  A non well formed numeric value encountered in C:\xampp_vhost\omeliya.like-it.solutions\web\system\library\image.php on line 105
2018-07-26 17:48:13 - PHP Notice:  A non well formed numeric value encountered in C:\xampp_vhost\omeliya.like-it.solutions\web\system\library\image.php on line 116
2018-07-26 17:48:13 - PHP Notice:  A non well formed numeric value encountered in C:\xampp_vhost\omeliya.like-it.solutions\web\system\library\image.php on line 84
2018-07-26 17:48:13 - PHP Notice:  A non well formed numeric value encountered in C:\xampp_vhost\omeliya.like-it.solutions\web\system\library\image.php on line 101
2018-07-26 17:48:13 - PHP Notice:  A non well formed numeric value encountered in C:\xampp_vhost\omeliya.like-it.solutions\web\system\library\image.php on line 105
2018-07-26 17:48:13 - PHP Notice:  A non well formed numeric value encountered in C:\xampp_vhost\omeliya.like-it.solutions\web\system\library\image.php on line 116
2018-07-26 17:48:13 - PHP Notice:  A non well formed numeric value encountered in C:\xampp_vhost\omeliya.like-it.solutions\web\system\library\image.php on line 84
2018-07-26 17:48:13 - PHP Notice:  A non well formed numeric value encountered in C:\xampp_vhost\omeliya.like-it.solutions\web\system\library\image.php on line 101
2018-07-26 17:48:13 - PHP Notice:  A non well formed numeric value encountered in C:\xampp_vhost\omeliya.like-it.solutions\web\system\library\image.php on line 105
2018-07-26 17:48:13 - PHP Notice:  A non well formed numeric value encountered in C:\xampp_vhost\omeliya.like-it.solutions\web\system\library\image.php on line 116
2018-07-26 17:48:13 - PHP Notice:  A non well formed numeric value encountered in C:\xampp_vhost\omeliya.like-it.solutions\web\system\library\image.php on line 84
2018-07-26 17:48:13 - PHP Notice:  A non well formed numeric value encountered in C:\xampp_vhost\omeliya.like-it.solutions\web\system\library\image.php on line 101
2018-07-26 17:48:13 - PHP Notice:  A non well formed numeric value encountered in C:\xampp_vhost\omeliya.like-it.solutions\web\system\library\image.php on line 105
2018-07-26 17:48:13 - PHP Notice:  A non well formed numeric value encountered in C:\xampp_vhost\omeliya.like-it.solutions\web\system\library\image.php on line 116
2018-07-26 17:48:13 - PHP Warning:  Illegal string offset 'value' in C:\xampp_vhost\omeliya.like-it.solutions\web\catalog\view\theme\default\template\product\category.tpl on line 207
2018-07-26 17:48:13 - PHP Warning:  Illegal string offset 'href' in C:\xampp_vhost\omeliya.like-it.solutions\web\catalog\view\theme\default\template\product\category.tpl on line 210
2018-07-26 17:48:13 - PHP Warning:  Illegal string offset 'text' in C:\xampp_vhost\omeliya.like-it.solutions\web\catalog\view\theme\default\template\product\category.tpl on line 210
2018-07-26 17:48:13 - PHP Warning:  Illegal string offset 'value' in C:\xampp_vhost\omeliya.like-it.solutions\web\catalog\view\theme\default\template\product\category.tpl on line 207
2018-07-26 17:48:13 - PHP Warning:  Illegal string offset 'href' in C:\xampp_vhost\omeliya.like-it.solutions\web\catalog\view\theme\default\template\product\category.tpl on line 210
2018-07-26 17:48:13 - PHP Warning:  Illegal string offset 'text' in C:\xampp_vhost\omeliya.like-it.solutions\web\catalog\view\theme\default\template\product\category.tpl on line 210
2018-07-26 17:48:13 - PHP Warning:  Illegal string offset 'value' in C:\xampp_vhost\omeliya.like-it.solutions\web\catalog\view\theme\default\template\product\category.tpl on line 207
2018-07-26 17:48:13 - PHP Warning:  Illegal string offset 'href' in C:\xampp_vhost\omeliya.like-it.solutions\web\catalog\view\theme\default\template\product\category.tpl on line 210
2018-07-26 17:48:13 - PHP Warning:  Illegal string offset 'text' in C:\xampp_vhost\omeliya.like-it.solutions\web\catalog\view\theme\default\template\product\category.tpl on line 210
2018-07-26 17:54:10 - PHP Notice:  A non well formed numeric value encountered in C:\xampp_vhost\omeliya.like-it.solutions\web\system\library\image.php on line 84
2018-07-26 17:54:10 - PHP Notice:  A non well formed numeric value encountered in C:\xampp_vhost\omeliya.like-it.solutions\web\system\library\image.php on line 101
2018-07-26 17:54:10 - PHP Notice:  A non well formed numeric value encountered in C:\xampp_vhost\omeliya.like-it.solutions\web\system\library\image.php on line 105
2018-07-26 17:54:10 - PHP Notice:  A non well formed numeric value encountered in C:\xampp_vhost\omeliya.like-it.solutions\web\system\library\image.php on line 116
2018-07-26 17:54:10 - PHP Notice:  A non well formed numeric value encountered in C:\xampp_vhost\omeliya.like-it.solutions\web\system\library\image.php on line 84
2018-07-26 17:54:10 - PHP Notice:  A non well formed numeric value encountered in C:\xampp_vhost\omeliya.like-it.solutions\web\system\library\image.php on line 101
2018-07-26 17:54:10 - PHP Notice:  A non well formed numeric value encountered in C:\xampp_vhost\omeliya.like-it.solutions\web\system\library\image.php on line 105
2018-07-26 17:54:10 - PHP Notice:  A non well formed numeric value encountered in C:\xampp_vhost\omeliya.like-it.solutions\web\system\library\image.php on line 116
2018-07-26 17:54:10 - PHP Notice:  A non well formed numeric value encountered in C:\xampp_vhost\omeliya.like-it.solutions\web\system\library\image.php on line 84
2018-07-26 17:54:10 - PHP Notice:  A non well formed numeric value encountered in C:\xampp_vhost\omeliya.like-it.solutions\web\system\library\image.php on line 101
2018-07-26 17:54:10 - PHP Notice:  A non well formed numeric value encountered in C:\xampp_vhost\omeliya.like-it.solutions\web\system\library\image.php on line 105
2018-07-26 17:54:10 - PHP Notice:  A non well formed numeric value encountered in C:\xampp_vhost\omeliya.like-it.solutions\web\system\library\image.php on line 116
2018-07-26 17:54:11 - PHP Notice:  A non well formed numeric value encountered in C:\xampp_vhost\omeliya.like-it.solutions\web\system\library\image.php on line 84
2018-07-26 17:54:11 - PHP Notice:  A non well formed numeric value encountered in C:\xampp_vhost\omeliya.like-it.solutions\web\system\library\image.php on line 101
2018-07-26 17:54:11 - PHP Notice:  A non well formed numeric value encountered in C:\xampp_vhost\omeliya.like-it.solutions\web\system\library\image.php on line 105
2018-07-26 17:54:11 - PHP Notice:  A non well formed numeric value encountered in C:\xampp_vhost\omeliya.like-it.solutions\web\system\library\image.php on line 116
2018-07-26 17:54:11 - PHP Notice:  A non well formed numeric value encountered in C:\xampp_vhost\omeliya.like-it.solutions\web\system\library\image.php on line 84
2018-07-26 17:54:11 - PHP Notice:  A non well formed numeric value encountered in C:\xampp_vhost\omeliya.like-it.solutions\web\system\library\image.php on line 101
2018-07-26 17:54:11 - PHP Notice:  A non well formed numeric value encountered in C:\xampp_vhost\omeliya.like-it.solutions\web\system\library\image.php on line 105
2018-07-26 17:54:11 - PHP Notice:  A non well formed numeric value encountered in C:\xampp_vhost\omeliya.like-it.solutions\web\system\library\image.php on line 116
2018-07-26 17:54:11 - PHP Notice:  A non well formed numeric value encountered in C:\xampp_vhost\omeliya.like-it.solutions\web\system\library\image.php on line 84
2018-07-26 17:54:11 - PHP Notice:  A non well formed numeric value encountered in C:\xampp_vhost\omeliya.like-it.solutions\web\system\library\image.php on line 101
2018-07-26 17:54:11 - PHP Notice:  A non well formed numeric value encountered in C:\xampp_vhost\omeliya.like-it.solutions\web\system\library\image.php on line 105
2018-07-26 17:54:11 - PHP Notice:  A non well formed numeric value encountered in C:\xampp_vhost\omeliya.like-it.solutions\web\system\library\image.php on line 116
2018-07-26 17:54:11 - PHP Notice:  A non well formed numeric value encountered in C:\xampp_vhost\omeliya.like-it.solutions\web\system\library\image.php on line 84
2018-07-26 17:54:11 - PHP Notice:  A non well formed numeric value encountered in C:\xampp_vhost\omeliya.like-it.solutions\web\system\library\image.php on line 101
2018-07-26 17:54:11 - PHP Notice:  A non well formed numeric value encountered in C:\xampp_vhost\omeliya.like-it.solutions\web\system\library\image.php on line 105
2018-07-26 17:54:11 - PHP Notice:  A non well formed numeric value encountered in C:\xampp_vhost\omeliya.like-it.solutions\web\system\library\image.php on line 116
2018-07-26 17:54:11 - PHP Warning:  Illegal string offset 'value' in C:\xampp_vhost\omeliya.like-it.solutions\web\catalog\view\theme\default\template\product\category.tpl on line 207
2018-07-26 17:54:11 - PHP Warning:  Illegal string offset 'href' in C:\xampp_vhost\omeliya.like-it.solutions\web\catalog\view\theme\default\template\product\category.tpl on line 210
2018-07-26 17:54:11 - PHP Warning:  Illegal string offset 'text' in C:\xampp_vhost\omeliya.like-it.solutions\web\catalog\view\theme\default\template\product\category.tpl on line 210
2018-07-26 17:54:11 - PHP Warning:  Illegal string offset 'value' in C:\xampp_vhost\omeliya.like-it.solutions\web\catalog\view\theme\default\template\product\category.tpl on line 207
2018-07-26 17:54:11 - PHP Warning:  Illegal string offset 'href' in C:\xampp_vhost\omeliya.like-it.solutions\web\catalog\view\theme\default\template\product\category.tpl on line 210
2018-07-26 17:54:11 - PHP Warning:  Illegal string offset 'text' in C:\xampp_vhost\omeliya.like-it.solutions\web\catalog\view\theme\default\template\product\category.tpl on line 210
2018-07-26 17:54:11 - PHP Warning:  Illegal string offset 'value' in C:\xampp_vhost\omeliya.like-it.solutions\web\catalog\view\theme\default\template\product\category.tpl on line 207
2018-07-26 17:54:11 - PHP Warning:  Illegal string offset 'href' in C:\xampp_vhost\omeliya.like-it.solutions\web\catalog\view\theme\default\template\product\category.tpl on line 210
2018-07-26 17:54:11 - PHP Warning:  Illegal string offset 'text' in C:\xampp_vhost\omeliya.like-it.solutions\web\catalog\view\theme\default\template\product\category.tpl on line 210
2018-07-26 18:21:41 - PHP Notice:  A non well formed numeric value encountered in C:\xampp_vhost\omeliya.like-it.solutions\web\system\library\image.php on line 84
2018-07-26 18:21:41 - PHP Notice:  A non well formed numeric value encountered in C:\xampp_vhost\omeliya.like-it.solutions\web\system\library\image.php on line 101
2018-07-26 18:21:41 - PHP Notice:  A non well formed numeric value encountered in C:\xampp_vhost\omeliya.like-it.solutions\web\system\library\image.php on line 105
2018-07-26 18:21:41 - PHP Notice:  A non well formed numeric value encountered in C:\xampp_vhost\omeliya.like-it.solutions\web\system\library\image.php on line 116
2018-07-26 18:21:41 - PHP Notice:  A non well formed numeric value encountered in C:\xampp_vhost\omeliya.like-it.solutions\web\system\library\image.php on line 84
2018-07-26 18:21:41 - PHP Notice:  A non well formed numeric value encountered in C:\xampp_vhost\omeliya.like-it.solutions\web\system\library\image.php on line 101
2018-07-26 18:21:41 - PHP Notice:  A non well formed numeric value encountered in C:\xampp_vhost\omeliya.like-it.solutions\web\system\library\image.php on line 105
2018-07-26 18:21:41 - PHP Notice:  A non well formed numeric value encountered in C:\xampp_vhost\omeliya.like-it.solutions\web\system\library\image.php on line 116
2018-07-26 18:21:41 - PHP Notice:  A non well formed numeric value encountered in C:\xampp_vhost\omeliya.like-it.solutions\web\system\library\image.php on line 84
2018-07-26 18:21:41 - PHP Notice:  A non well formed numeric value encountered in C:\xampp_vhost\omeliya.like-it.solutions\web\system\library\image.php on line 101
2018-07-26 18:21:41 - PHP Notice:  A non well formed numeric value encountered in C:\xampp_vhost\omeliya.like-it.solutions\web\system\library\image.php on line 105
2018-07-26 18:21:41 - PHP Notice:  A non well formed numeric value encountered in C:\xampp_vhost\omeliya.like-it.solutions\web\system\library\image.php on line 116
2018-07-26 18:21:41 - PHP Notice:  A non well formed numeric value encountered in C:\xampp_vhost\omeliya.like-it.solutions\web\system\library\image.php on line 84
2018-07-26 18:21:41 - PHP Notice:  A non well formed numeric value encountered in C:\xampp_vhost\omeliya.like-it.solutions\web\system\library\image.php on line 101
2018-07-26 18:21:41 - PHP Notice:  A non well formed numeric value encountered in C:\xampp_vhost\omeliya.like-it.solutions\web\system\library\image.php on line 105
2018-07-26 18:21:41 - PHP Notice:  A non well formed numeric value encountered in C:\xampp_vhost\omeliya.like-it.solutions\web\system\library\image.php on line 116
2018-07-26 18:21:41 - PHP Notice:  A non well formed numeric value encountered in C:\xampp_vhost\omeliya.like-it.solutions\web\system\library\image.php on line 84
2018-07-26 18:21:41 - PHP Notice:  A non well formed numeric value encountered in C:\xampp_vhost\omeliya.like-it.solutions\web\system\library\image.php on line 101
2018-07-26 18:21:41 - PHP Notice:  A non well formed numeric value encountered in C:\xampp_vhost\omeliya.like-it.solutions\web\system\library\image.php on line 105
2018-07-26 18:21:41 - PHP Notice:  A non well formed numeric value encountered in C:\xampp_vhost\omeliya.like-it.solutions\web\system\library\image.php on line 116
2018-07-26 18:21:41 - PHP Notice:  A non well formed numeric value encountered in C:\xampp_vhost\omeliya.like-it.solutions\web\system\library\image.php on line 84
2018-07-26 18:21:41 - PHP Notice:  A non well formed numeric value encountered in C:\xampp_vhost\omeliya.like-it.solutions\web\system\library\image.php on line 101
2018-07-26 18:21:41 - PHP Notice:  A non well formed numeric value encountered in C:\xampp_vhost\omeliya.like-it.solutions\web\system\library\image.php on line 105
2018-07-26 18:21:41 - PHP Notice:  A non well formed numeric value encountered in C:\xampp_vhost\omeliya.like-it.solutions\web\system\library\image.php on line 116
2018-07-26 18:21:41 - PHP Notice:  A non well formed numeric value encountered in C:\xampp_vhost\omeliya.like-it.solutions\web\system\library\image.php on line 84
2018-07-26 18:21:41 - PHP Notice:  A non well formed numeric value encountered in C:\xampp_vhost\omeliya.like-it.solutions\web\system\library\image.php on line 101
2018-07-26 18:21:41 - PHP Notice:  A non well formed numeric value encountered in C:\xampp_vhost\omeliya.like-it.solutions\web\system\library\image.php on line 105
2018-07-26 18:21:41 - PHP Notice:  A non well formed numeric value encountered in C:\xampp_vhost\omeliya.like-it.solutions\web\system\library\image.php on line 116
2018-07-26 18:21:41 - PHP Warning:  Illegal string offset 'value' in C:\xampp_vhost\omeliya.like-it.solutions\web\catalog\view\theme\default\template\product\category.tpl on line 207
2018-07-26 18:21:41 - PHP Warning:  Illegal string offset 'href' in C:\xampp_vhost\omeliya.like-it.solutions\web\catalog\view\theme\default\template\product\category.tpl on line 210
2018-07-26 18:21:41 - PHP Warning:  Illegal string offset 'text' in C:\xampp_vhost\omeliya.like-it.solutions\web\catalog\view\theme\default\template\product\category.tpl on line 210
2018-07-26 18:21:41 - PHP Warning:  Illegal string offset 'value' in C:\xampp_vhost\omeliya.like-it.solutions\web\catalog\view\theme\default\template\product\category.tpl on line 207
2018-07-26 18:21:41 - PHP Warning:  Illegal string offset 'href' in C:\xampp_vhost\omeliya.like-it.solutions\web\catalog\view\theme\default\template\product\category.tpl on line 210
2018-07-26 18:21:41 - PHP Warning:  Illegal string offset 'text' in C:\xampp_vhost\omeliya.like-it.solutions\web\catalog\view\theme\default\template\product\category.tpl on line 210
2018-07-26 18:21:41 - PHP Warning:  Illegal string offset 'value' in C:\xampp_vhost\omeliya.like-it.solutions\web\catalog\view\theme\default\template\product\category.tpl on line 207
2018-07-26 18:21:41 - PHP Warning:  Illegal string offset 'href' in C:\xampp_vhost\omeliya.like-it.solutions\web\catalog\view\theme\default\template\product\category.tpl on line 210
2018-07-26 18:21:41 - PHP Warning:  Illegal string offset 'text' in C:\xampp_vhost\omeliya.like-it.solutions\web\catalog\view\theme\default\template\product\category.tpl on line 210
